Vivado Simulator 2020.2
Copyright 1986-1999, 2001-2020 Xilinx, Inc. All Rights Reserved.
Running: C:/Xilinx/Vivado/2020.2/bin/unwrapped/win64.o/xelab.exe -wto a207bea38fb446b4ba3864bf3ebd9728 --incr --debug typical --relax --mt 2 -L xil_defaultlib -L unisims_ver -L unimacro_ver -L secureip --snapshot isqrt_tb_behav xil_defaultlib.isqrt_tb xil_defaultlib.glbl -log elaborate.log 
Using 2 slave threads.
Starting static elaboration
Pass Through NonSizing Optimizer
Completed static elaboration
Starting simulation data flow analysis
WARNING: [XSIM 43-4099] "V:/Users/a1str/OneDrive - University of Maryland/Desktop/ENEE245/enee245/lab11/isqrt.v" Line 2. Module isqrt doesn't have a timescale but at least one module in design has a timescale.
WARNING: [XSIM 43-4099] "V:/Users/a1str/OneDrive - University of Maryland/Desktop/ENEE245/enee245/lab11/controller.v" Line 1. Module controller doesn't have a timescale but at least one module in design has a timescale.
WARNING: [XSIM 43-4099] "V:/Users/a1str/OneDrive - University of Maryland/Desktop/ENEE245/enee245/lab11/datapath.v" Line 1. Module datapath doesn't have a timescale but at least one module in design has a timescale.
WARNING: [XSIM 43-4099] "V:/Users/a1str/OneDrive - University of Maryland/Desktop/ENEE245/enee245/lab11/isqrt.v" Line 2. Module isqrt doesn't have a timescale but at least one module in design has a timescale.
WARNING: [XSIM 43-4099] "V:/Users/a1str/OneDrive - University of Maryland/Desktop/ENEE245/enee245/lab11/controller.v" Line 1. Module controller doesn't have a timescale but at least one module in design has a timescale.
WARNING: [XSIM 43-4099] "V:/Users/a1str/OneDrive - University of Maryland/Desktop/ENEE245/enee245/lab11/datapath.v" Line 1. Module datapath doesn't have a timescale but at least one module in design has a timescale.
Completed simulation data flow analysis
Time Resolution for simulation is 1ps
Compiling module xil_defaultlib.controller
Compiling module xil_defaultlib.datapath
Compiling module xil_defaultlib.isqrt
Compiling module xil_defaultlib.isqrt_tb
Compiling module xil_defaultlib.glbl
Built simulation snapshot isqrt_tb_behav
